SF:lib\data\constants.dart
DA:4,1
DA:5,1
DA:6,0
DA:7,0
LF:4
LH:2
end_of_record
SF:lib\data\datasources\remote_data_source.dart
DA:15,1
DA:17,1
DA:20,4
DA:22,2
DA:23,3
DA:25,1
LF:6
LH:6
end_of_record
SF:lib\data\models\weather_model.dart
DA:5,1
DA:23,2
DA:24,1
DA:25,3
DA:26,3
DA:27,3
DA:28,2
DA:29,2
DA:30,2
DA:33,0
DA:34,0
DA:35,0
DA:36,0
DA:37,0
DA:38,0
DA:41,0
DA:42,0
DA:43,0
DA:44,0
DA:46,0
DA:49,0
DA:50,0
DA:51,0
DA:52,0
DA:53,0
DA:54,0
DA:55,0
DA:56,0
DA:59,1
DA:60,1
DA:61,1
DA:62,1
DA:63,1
DA:64,1
DA:65,1
DA:66,1
DA:67,1
LF:37
LH:18
end_of_record
SF:lib\data\failure.dart
DA:5,0
DA:7,0
DA:8,0
DA:12,0
DA:16,0
DA:20,0
LF:6
LH:0
end_of_record
SF:lib\domain\entities\weather.dart
DA:4,1
DA:22,0
DA:23,0
DA:24,0
DA:25,0
DA:26,0
DA:27,0
DA:28,0
DA:29,0
DA:30,0
LF:10
LH:1
end_of_record
SF:lib\domain\usecase\get_current_weather.dart
DA:10,1
DA:12,1
DA:13,2
LF:3
LH:3
end_of_record
SF:lib\main.dart
DA:3,0
DA:4,0
DA:8,2
DA:11,1
DA:13,1
DA:15,1
DA:33,1
DA:46,1
DA:47,1
DA:53,1
DA:54,2
DA:60,2
DA:64,1
DA:72,1
DA:73,1
DA:76,3
DA:78,1
DA:81,1
DA:97,1
DA:101,1
DA:102,2
DA:103,3
DA:108,1
DA:109,1
LF:24
LH:22
end_of_record
